<?xml version="1.0" encoding="UTF-8"?>
<!-- Generated by org.testng.reporters.JUnitXMLReporter -->
<testsuite ignored="9" hostname="DESKTOP-ABJFIHD" failures="0" tests="1" name="Default test" time="724.41" errors="0" timestamp="2023-03-27T10:24:54 IST">
  <testcase classname="TCsNewAgencySetup.SLA" name="AgencySetup_CreateSLA_AddRule" time="724.36"/>
  <testcase classname="TestCasesCRM.Login" name="LoginAgencyCI" time="0.0">
    <ignored/>
  </testcase> <!-- LoginAgencyCI -->
  <testcase classname="TestCasesCRM.Login" name="LoginAgency" time="0.0">
    <ignored/>
  </testcase> <!-- LoginAgency -->
  <testcase classname="TestCasesCRM.Login" name="LoginAgencyStage" time="0.0">
    <ignored/>
  </testcase> <!-- LoginAgencyStage -->
  <testcase classname="TestCasesCRM.Login" name="LoginAdmin" time="0.0">
    <ignored/>
  </testcase> <!-- LoginAdmin -->
  <testcase classname="TCsNewAgencySetup.SLA" name="AgencySetup_CreateSLA" time="0.0">
    <ignored/>
  </testcase> <!-- AgencySetup_CreateSLA -->
  <testcase classname="TCsNewAgencySetup.SLA" name="AgencySetup_CreateSLAPopupValidatiionsAndCreateRulePopup" time="0.0">
    <ignored/>
  </testcase> <!-- AgencySetup_CreateSLAPopupValidatiionsAndCreateRulePopup -->
  <testcase classname="TCsNewAgencySetup.SLA" name="AgencySetup_CreateSLAAddRuleValidations" time="0.0">
    <ignored/>
  </testcase> <!-- AgencySetup_CreateSLAAddRuleValidations -->
  <testcase classname="TCsNewAgencySetup.SLA" name="AgencySetup_SLAPreRequisite" time="0.0">
    <ignored/>
  </testcase> <!-- AgencySetup_SLAPreRequisite -->
  <testcase classname="TCsNewAgencySetup.SLA" name="AgencySetup_CreateSLAPopupOpenAndClose" time="0.0">
    <ignored/>
  </testcase> <!-- AgencySetup_CreateSLAPopupOpenAndClose -->
</testsuite> <!-- Default test -->
