<?xml version="1.0" encoding="UTF-8"?>
<!-- Generated by org.testng.reporters.JUnitXMLReporter -->
<testsuite ignored="22" hostname="DESKTOP-ABJFIHD" failures="0" tests="1" name="Default test" time="87.384" errors="0" timestamp="2023-03-10T10:09:23 IST">
  <testcase classname="TCsNewAgencySetup.AppPreRequisites" name="AgencySetup_VerifySavedSubmissionSettings" time="87.36"/>
  <testcase classname="TCsNewAgencySetup.AppPreRequisites" name="AgencySetup_VerifyCreatedUser" time="0.0">
    <ignored/>
  </testcase> <!-- AgencySetup_VerifyCreatedUser -->
  <testcase classname="TCsNewAgencySetup.AppPreRequisites" name="AgencySetup_AgencySetup_VerifyCreationOfHTMLNotice" time="0.0">
    <ignored/>
  </testcase> <!-- AgencySetup_AgencySetup_VerifyCreationOfHTMLNotice -->
  <testcase classname="TCsNewAgencySetup.AppPreRequisites" name="AgencySetup_VerifyAppConfigurations" time="0.0">
    <ignored/>
  </testcase> <!-- AgencySetup_VerifyAppConfigurations -->
  <testcase classname="TCsNewAgencySetup.AppPreRequisites" name="AgencySetup_VerifyAdditionOfFAActivity" time="0.0">
    <ignored/>
  </testcase> <!-- AgencySetup_VerifyAdditionOfFAActivity -->
  <testcase classname="TCsNewAgencySetup.AppPreRequisites" name="AgencySetup_VerifyCreationOfCategories" time="0.0">
    <ignored/>
  </testcase> <!-- AgencySetup_VerifyCreationOfCategories -->
  <testcase classname="TCsNewAgencySetup.AppPreRequisites" name="AgencySetup_VerifyCreationOfLCFs" time="0.0">
    <ignored/>
  </testcase> <!-- AgencySetup_VerifyCreationOfLCFs -->
  <testcase classname="TCsNewAgencySetup.AppPreRequisites" name="AgencySetup_VerifySuccessfulDirectionToCCP" time="0.0">
    <ignored/>
  </testcase> <!-- AgencySetup_VerifySuccessfulDirectionToCCP -->
  <testcase classname="TCsNewAgencySetup.AppPreRequisites" name="AgencySetup_VerifyCreationOf50PlusSubmissions" time="0.0">
    <ignored/>
  </testcase> <!-- AgencySetup_VerifyCreationOf50PlusSubmissions -->
  <testcase classname="TCsNewAgencySetup.AppPreRequisites" name="AgencySetup_VerifyInvalidDispositionCreation" time="0.0">
    <ignored/>
  </testcase> <!-- AgencySetup_VerifyInvalidDispositionCreation -->
  <testcase classname="TCsNewAgencySetup.AppPreRequisites" name="AgencySetup_VerifyCreationOfNonHTMLNotice" time="0.0">
    <ignored/>
  </testcase> <!-- AgencySetup_VerifyCreationOfNonHTMLNotice -->
  <testcase classname="TestCasesCRM.Login" name="LoginAgencyCI" time="0.0">
    <ignored/>
  </testcase> <!-- LoginAgencyCI -->
  <testcase classname="TestCasesCRM.Login" name="LoginAgency" time="0.0">
    <ignored/>
  </testcase> <!-- LoginAgency -->
  <testcase classname="TCsNewAgencySetup.AppPreRequisites" name="AgencySetup_VerifyCaseCreationWithEntityViolation" time="0.0">
    <ignored/>
  </testcase> <!-- AgencySetup_VerifyCaseCreationWithEntityViolation -->
  <testcase classname="TCsNewAgencySetup.AppPreRequisites" name="AgencySetup_VerifyUploadedAgencyBoundary" time="0.0">
    <ignored/>
  </testcase> <!-- AgencySetup_VerifyUploadedAgencyBoundary -->
  <testcase classname="TestCasesCRM.Login" name="LoginAdmin" time="0.0">
    <ignored/>
  </testcase> <!-- LoginAdmin -->
  <testcase classname="TCsNewAgencySetup.AppPreRequisites" name="AgencySetup_VerifyCreationOf50PlusCases" time="0.0">
    <ignored/>
  </testcase> <!-- AgencySetup_VerifyCreationOf50PlusCases -->
  <testcase classname="TCsNewAgencySetup.AppPreRequisites" name="AgencySetup_VerifyCreationOfViolations" time="0.0">
    <ignored/>
  </testcase> <!-- AgencySetup_VerifyCreationOfViolations -->
  <testcase classname="TestCasesCRM.Login" name="LoginAgencyStage" time="0.0">
    <ignored/>
  </testcase> <!-- LoginAgencyStage -->
  <testcase classname="TCsNewAgencySetup.AppPreRequisites" name="AgencySetup_VerifyCreationOfMunicipalCode" time="0.0">
    <ignored/>
  </testcase> <!-- AgencySetup_VerifyCreationOfMunicipalCode -->
  <testcase classname="TCsNewAgencySetup.AppPreRequisites" name="AgencySetup_VerifyUploadedMapLayer" time="0.0">
    <ignored/>
  </testcase> <!-- AgencySetup_VerifyUploadedMapLayer -->
  <testcase classname="TCsNewAgencySetup.AppPreRequisites" name="AgencySetup_VerifyUploadedAgencyParcelFile" time="0.0">
    <ignored/>
  </testcase> <!-- AgencySetup_VerifyUploadedAgencyParcelFile -->
  <testcase classname="TCsNewAgencySetup.AppPreRequisites" name="AgencySetup_AgencySetup_AgencySetup_VerifyCreationOfFADocument" time="0.0">
    <ignored/>
  </testcase> <!-- AgencySetup_AgencySetup_AgencySetup_VerifyCreationOfFADocument -->
</testsuite> <!-- Default test -->
