<?xml version="1.0" encoding="UTF-8"?>
<!-- Generated by org.testng.reporters.JUnitXMLReporter -->
<testsuite ignored="48" hostname="DESKTOP-ABJFIHD" failures="0" tests="11" name="Test" time="349.395" errors="0" timestamp="2023-03-20T11:38:57 IST">
  <testcase classname="TestCasesCRM.Login" name="LoginAdmin" time="12.021"/>
  <testcase classname="TCsNewAgencySetup.AppPreRequisites" name="AgencySetup_VerifyAppConfigurations" time="24.93"/>
  <testcase classname="TCsNewAgencySetup.TemplateManagement" name="TemplateMangement_PreRequisite" time="39.134"/>
  <testcase classname="TCsNewAgencySetup.TemplateManagement" name="TemplateMangement_CloseandOpenCreateTemplatePOpup" time="23.528"/>
  <testcase classname="TCsNewAgencySetup.TemplateManagement" name="TemplateMangement_VerifyValidationsOnCreateTemplatePOpup" time="38.535"/>
  <testcase classname="TCsNewAgencySetup.TemplateManagement" name="TemplateMangement_VerifyAdditionofMultipleDocTemplatePOpup" time="20.61"/>
  <testcase classname="TCsNewAgencySetup.TemplateManagement" name="TemplateMangement_VerifyEmailPreviewPopDataAutoPopulated" time="40.657"/>
  <testcase classname="TCsNewAgencySetup.TemplateManagement" name="TemplateMangement_VerifyTemplateAdditionOfTemplate" time="15.557"/>
  <testcase classname="TCsNewAgencySetup.TemplateManagement" name="TemplateMangement_VerifyEditTheTemplate" time="39.043"/>
  <testcase classname="TCsNewAgencySetup.TemplateManagement" name="TemplateMangement_VerifyErrorMessgeOnAdditionOfExistingTemplate" time="53.912"/>
  <testcase classname="TCsNewAgencySetup.TemplateManagement" name="TemplateMangement_VerifyActivateAndDeActivateTemplate" time="41.384"/>
  <testcase classname="TCsNewAgencySetup.AppPreRequisites" name="AgencySetup_VerifyCreationOf50PlusCases" time="0.0">
    <ignored/>
  </testcase> <!-- AgencySetup_VerifyCreationOf50PlusCases -->
  <testcase classname="TCsNewAgencySetup.AppPreRequisites" name="AgencySetup_VerifySavedSubmissionSettings" time="0.0">
    <ignored/>
  </testcase> <!-- AgencySetup_VerifySavedSubmissionSettings -->
  <testcase classname="TCsNewAgencySetup.AppPreRequisites" name="AgencySetup_VerifyFlatFineCreationDoNotAttachedNotices" time="0.0">
    <ignored/>
  </testcase> <!-- AgencySetup_VerifyFlatFineCreationDoNotAttachedNotices -->
  <testcase classname="TestCasesCRM.Login" name="LoginAgencyStage" time="0.0">
    <ignored/>
  </testcase> <!-- LoginAgencyStage -->
  <testcase classname="TCsNewAgencySetup.AppPreRequisites" name="AgencySetup_VerifyActivateInactiveFines" time="0.0">
    <ignored/>
  </testcase> <!-- AgencySetup_VerifyActivateInactiveFines -->
  <testcase classname="TCsNewAgencySetup.AppPreRequisites" name="AgencySetup_VerifyCreationOfMunicipalCode" time="0.0">
    <ignored/>
  </testcase> <!-- AgencySetup_VerifyCreationOfMunicipalCode -->
  <testcase classname="TCsNewAgencySetup.AppPreRequisites" name="AgencySetup_VerifyUploadedMapLayer" time="0.0">
    <ignored/>
  </testcase> <!-- AgencySetup_VerifyUploadedMapLayer -->
  <testcase classname="TCsNewAgencySetup.AppPreRequisites" name="AgencySetup_VerifyCreateFinePopup" time="0.0">
    <ignored/>
  </testcase> <!-- AgencySetup_VerifyCreateFinePopup -->
  <testcase classname="BrowsersBase.BrowsersInvoked" name="@BeforeSuite RunEnvironmentSetup" time="0.0">
    <ignored/>
  </testcase> <!-- @BeforeSuite RunEnvironmentSetup -->
  <testcase classname="TCsNewAgencySetup.AppPreRequisites" name="AgencySetup_VerifyCreationOfNonHTMLNotice" time="0.0">
    <ignored/>
  </testcase> <!-- AgencySetup_VerifyCreationOfNonHTMLNotice -->
  <testcase classname="BrowsersBase.BrowsersInvoked" name="@BeforeSuite SetProp" time="0.0">
    <ignored/>
  </testcase> <!-- @BeforeSuite SetProp -->
  <testcase classname="TCsNewAgencySetup.AppPreRequisites" name="AgencySetup_VerifyUploadedAgencyBoundary" time="0.0">
    <ignored/>
  </testcase> <!-- AgencySetup_VerifyUploadedAgencyBoundary -->
  <testcase classname="TestCasesCRM.Login" name="LoginAgencyCI" time="0.0">
    <ignored/>
  </testcase> <!-- LoginAgencyCI -->
  <testcase classname="TestCasesCRM.Login" name="LoginAgency" time="0.0">
    <ignored/>
  </testcase> <!-- LoginAgency -->
  <testcase classname="TCsNewAgencySetup.AppPreRequisites" name="AgencySetup_VerifyCreatedUser" time="0.0">
    <ignored/>
  </testcase> <!-- AgencySetup_VerifyCreatedUser -->
  <testcase classname="TestCasesCRM.Login" name="LoginAdmin" time="0.0">
    <ignored/>
  </testcase> <!-- LoginAdmin -->
  <testcase classname="TCsNewAgencySetup.AppPreRequisites" name="AgencySetup_VerifyInvalidDispositionCreation" time="0.0">
    <ignored/>
  </testcase> <!-- AgencySetup_VerifyInvalidDispositionCreation -->
  <testcase classname="TCsNewAgencySetup.AppPreRequisites" name="AgencySetup_VerifyCaseCreationWithEntityViolation" time="0.0">
    <ignored/>
  </testcase> <!-- AgencySetup_VerifyCaseCreationWithEntityViolation -->
  <testcase classname="TCsNewAgencySetup.AppPreRequisites" name="AgencySetup_VerifyCreationOfCategories" time="0.0">
    <ignored/>
  </testcase> <!-- AgencySetup_VerifyCreationOfCategories -->
  <testcase classname="TestCasesCRM.Login" name="LoginAgencyCI" time="0.0">
    <ignored/>
  </testcase> <!-- LoginAgencyCI -->
  <testcase classname="TCsNewAgencySetup.AppPreRequisites" name="AgencySetup_VerifyActivateInActiveLateFee" time="0.0">
    <ignored/>
  </testcase> <!-- AgencySetup_VerifyActivateInActiveLateFee -->
  <testcase classname="TestCasesCRM.Login" name="LoginAgency" time="0.0">
    <ignored/>
  </testcase> <!-- LoginAgency -->
  <testcase classname="TCsNewAgencySetup.AppPreRequisites" name="AgencySetup_VerifyCreationOfLCFs" time="0.0">
    <ignored/>
  </testcase> <!-- AgencySetup_VerifyCreationOfLCFs -->
  <testcase classname="TCsNewAgencySetup.AppPreRequisites" name="AgencySetup_VerifyCreateFixedManualFlatFineLateFee" time="0.0">
    <ignored/>
  </testcase> <!-- AgencySetup_VerifyCreateFixedManualFlatFineLateFee -->
  <testcase classname="TCsNewAgencySetup.AppPreRequisites" name="AgencySetup_AgencySetup_AgencySetup_VerifyCreationOfFADocument" time="0.0">
    <ignored/>
  </testcase> <!-- AgencySetup_AgencySetup_AgencySetup_VerifyCreationOfFADocument -->
  <testcase classname="TCsNewAgencySetup.AppPreRequisites" name="AgencySetup_VerifyAdditionOfFAActivity" time="0.0">
    <ignored/>
  </testcase> <!-- AgencySetup_VerifyAdditionOfFAActivity -->
  <testcase classname="TCsNewAgencySetup.AppPreRequisites" name="AgencySetup_VerifyCreationOfHTMLNotice" time="0.0">
    <ignored/>
  </testcase> <!-- AgencySetup_VerifyCreationOfHTMLNotice -->
  <testcase classname="TCsNewAgencySetup.AppPreRequisites" name="AgencySetup_VerifyFlatFineCreationAttachedNotices" time="0.0">
    <ignored/>
  </testcase> <!-- AgencySetup_VerifyFlatFineCreationAttachedNotices -->
  <testcase classname="TestCasesCRM.Login" name="LoginAgencyCI" time="0.0">
    <ignored/>
  </testcase> <!-- LoginAgencyCI -->
  <testcase classname="TCsNewAgencySetup.AppPreRequisites" name="AgencySetup_VerifyCreationOf50PlusSubmissions" time="0.0">
    <ignored/>
  </testcase> <!-- AgencySetup_VerifyCreationOf50PlusSubmissions -->
  <testcase classname="TestCasesCRM.Login" name="LoginAgency" time="0.0">
    <ignored/>
  </testcase> <!-- LoginAgency -->
  <testcase classname="TCsNewAgencySetup.AppPreRequisites" name="AgencySetup_VerifyCreationOfViolations" time="0.0">
    <ignored/>
  </testcase> <!-- AgencySetup_VerifyCreationOfViolations -->
  <testcase classname="TCsNewAgencySetup.AppPreRequisites" name="AgencySetup_VerifyOpenCloseCreateLateFeePopup" time="0.0">
    <ignored/>
  </testcase> <!-- AgencySetup_VerifyOpenCloseCreateLateFeePopup -->
  <testcase classname="TestCasesCRM.Login" name="LoginAdmin" time="0.0">
    <ignored/>
  </testcase> <!-- LoginAdmin -->
  <testcase classname="BrowsersBase.BrowsersInvoked" name="@BeforeSuite SetProp" time="0.0">
    <ignored/>
  </testcase> <!-- @BeforeSuite SetProp -->
  <testcase classname="TCsNewAgencySetup.AppPreRequisites" name="AgencySetup_VerifyCreateOutStdManualFlatFineLateFee" time="0.0">
    <ignored/>
  </testcase> <!-- AgencySetup_VerifyCreateOutStdManualFlatFineLateFee -->
  <testcase classname="BrowsersBase.BrowsersInvoked" name="@BeforeSuite RunEnvironmentSetup" time="0.0">
    <ignored/>
  </testcase> <!-- @BeforeSuite RunEnvironmentSetup -->
  <testcase classname="TCsNewAgencySetup.AppPreRequisites" name="AgencySetup_VerifyInactivateActiveLateFee" time="0.0">
    <ignored/>
  </testcase> <!-- AgencySetup_VerifyInactivateActiveLateFee -->
  <testcase classname="TestCasesCRM.Login" name="LoginAgencyStage" time="0.0">
    <ignored/>
  </testcase> <!-- LoginAgencyStage -->
  <testcase classname="ExtentReport.ExtentReportClass" name="@BeforeSuite setExtent" time="0.0">
    <ignored/>
  </testcase> <!-- @BeforeSuite setExtent -->
  <testcase classname="TestCasesCRM.Login" name="LoginAgencyStage" time="0.0">
    <ignored/>
  </testcase> <!-- LoginAgencyStage -->
  <testcase classname="TCsNewAgencySetup.AppPreRequisites" name="AgencySetup_VerifyInactivateActiveFines" time="0.0">
    <ignored/>
  </testcase> <!-- AgencySetup_VerifyInactivateActiveFines -->
  <testcase classname="ExtentReport.ExtentReportClass" name="@AfterSuite endReport" time="0.0">
    <ignored/>
  </testcase> <!-- @AfterSuite endReport -->
  <testcase classname="TCsNewAgencySetup.AppPreRequisites" name="AgencySetup_VerifySuccessfulDirectionToCCP" time="0.0">
    <ignored/>
  </testcase> <!-- AgencySetup_VerifySuccessfulDirectionToCCP -->
  <testcase classname="TCsNewAgencySetup.AppPreRequisites" name="AgencySetup_VerifyUploadedAgencyParcelFile" time="0.0">
    <ignored/>
  </testcase> <!-- AgencySetup_VerifyUploadedAgencyParcelFile -->
  <testcase classname="ExtentReport.ExtentReportClass" name="@BeforeSuite setExtent" time="0.0">
    <ignored/>
  </testcase> <!-- @BeforeSuite setExtent -->
  <testcase classname="ExtentReport.ExtentReportClass" name="@AfterSuite endReport" time="0.0">
    <ignored/>
  </testcase> <!-- @AfterSuite endReport -->
  <testcase classname="TCsNewAgencySetup.AppPreRequisites" name="AgencySetup_VerifyFlatFineEdit" time="0.0">
    <ignored/>
  </testcase> <!-- AgencySetup_VerifyFlatFineEdit -->
</testsuite> <!-- Test -->
