<?xml version="1.0" encoding="UTF-8"?>
<!-- Generated by org.testng.reporters.JUnitXMLReporter -->
<testsuite ignored="56" hostname="DESKTOP-ABJFIHD" failures="1" tests="19" name="Test" time="706.737" errors="0" timestamp="2023-03-24T13:12:49 IST">
  <testcase classname="TestCasesCRM.Login" name="LoginAdmin" time="10.907"/>
  <testcase classname="TCsNewAgencySetup.AppPreRequisites" name="AgencySetup_VerifyAppConfigurations" time="24.841"/>
  <testcase classname="TCsNewAgencySetup.TemplateManagement" name="TemplateMangement_PreRequisite" time="46.232"/>
  <testcase classname="TCsNewAgencySetup.TemplateManagement" name="TemplateMangement_CloseandOpenCreateTemplatePOpup" time="23.583"/>
  <testcase classname="TCsNewAgencySetup.TemplateManagement" name="TemplateMangement_VerifyValidationsOnCreateTemplatePOpup" time="38.387"/>
  <testcase classname="TCsNewAgencySetup.TemplateManagement" name="TemplateMangement_VerifyAdditionofMultipleDocTemplatePOpup" time="34.546"/>
  <testcase classname="TCsNewAgencySetup.TemplateManagement" name="TemplateMangement_VerifyEmailPreviewPopDataAutoPopulated" time="40.599"/>
  <testcase classname="TCsNewAgencySetup.TemplateManagement" name="TemplateMangement_VerifyTemplateAdditionOfTemplate" time="15.543"/>
  <testcase classname="TCsNewAgencySetup.TemplateManagement" name="TemplateMangement_VerifyEditTheTemplate" time="39.056"/>
  <testcase classname="TCsNewAgencySetup.TemplateManagement" name="TemplateMangement_VerifyErrorMessgeOnAdditionOfExistingTemplate" time="53.743"/>
  <testcase classname="TCsNewAgencySetup.TemplateManagement" name="TemplateMangement_VerifyActivateAndDeActivateTemplate" time="41.374"/>
  <testcase classname="TCsNewAgencySetup.NotificationManagement" name="AgencySetup_NotificationPreRequisiteAndDefaultNotificationCount" time="48.828"/>
  <testcase classname="TCsNewAgencySetup.NotificationManagement" name="AgencySetup_CreateNotificationPopCloseOpenAndValidations" time="22.787"/>
  <testcase classname="TCsNewAgencySetup.NotificationManagement" name="AgencySetup_CreateNotificationAddRulePopupValidations" time="33.049"/>
  <testcase classname="TCsNewAgencySetup.NotificationManagement" name="AgencySetup_CreateNotificationAddRule" time="35.528"/>
  <testcase classname="TCsNewAgencySetup.NotificationManagement" name="AgencySetup_CreateNotificationCreateNotifiction" time="25.351">
    <failure type="java.lang.AssertionError" message="The following asserts failed:
	expected [NotifRm ] but found [NotifRm],
	expected [NDescr3 ] but found [NDescr3]">
      <![CDATA[java.lang.AssertionError: The following asserts failed:
expected [NotifRm ] but found [NotifRm],
expected [NDescr3 ] but found [NDescr3]
at TCsNewAgencySetup.NotificationManagement.AgencySetup_CreateNotificationCreateNotifiction(NotificationManagement.java:97)
at java.base/java.util.ArrayList.forEach(ArrayList.java:1511)
... Removed 29 stack frames]]>
    </failure>
  </testcase> <!-- AgencySetup_CreateNotificationCreateNotifiction -->
  <testcase classname="TCsNewAgencySetup.NotificationManagement" name="AgencySetup_CreateNotifictionMultipleCriteriaDeliveryOption" time="111.461"/>
  <testcase classname="TCsNewAgencySetup.NotificationManagement" name="AgencySetup_CreateNotificationInactivateActiveNotificatiion" time="28.211"/>
  <testcase classname="TCsNewAgencySetup.NotificationManagement" name="AgencySetup_CreateNotificationActivateInactiveNotificatiion" time="32.325"/>
  <testcase classname="ExtentReport.ExtentReportClass" name="@BeforeSuite setExtent" time="0.0">
    <ignored/>
  </testcase> <!-- @BeforeSuite setExtent -->
  <testcase classname="TCsNewAgencySetup.AppPreRequisites" name="AgencySetup_VerifyAdditionOfFAActivity" time="0.0">
    <ignored/>
  </testcase> <!-- AgencySetup_VerifyAdditionOfFAActivity -->
  <testcase classname="ExtentReport.ExtentReportClass" name="@AfterSuite endReport" time="0.0">
    <ignored/>
  </testcase> <!-- @AfterSuite endReport -->
  <testcase classname="TCsNewAgencySetup.AppPreRequisites" name="AgencySetup_AgencySetup_AgencySetup_VerifyCreationOfFADocument" time="0.0">
    <ignored/>
  </testcase> <!-- AgencySetup_AgencySetup_AgencySetup_VerifyCreationOfFADocument -->
  <testcase classname="TestCasesCRM.Login" name="LoginAgencyCI" time="0.0">
    <ignored/>
  </testcase> <!-- LoginAgencyCI -->
  <testcase classname="BrowsersBase.BrowsersInvoked" name="@BeforeSuite RunEnvironmentSetup" time="0.0">
    <ignored/>
  </testcase> <!-- @BeforeSuite RunEnvironmentSetup -->
  <testcase classname="BrowsersBase.BrowsersInvoked" name="@BeforeSuite SetProp" time="0.0">
    <ignored/>
  </testcase> <!-- @BeforeSuite SetProp -->
  <testcase classname="TCsNewAgencySetup.AppPreRequisites" name="AgencySetup_VerifySuccessfulDirectionToCCP" time="0.0">
    <ignored/>
  </testcase> <!-- AgencySetup_VerifySuccessfulDirectionToCCP -->
  <testcase classname="TCsNewAgencySetup.AppPreRequisites" name="AgencySetup_VerifyCreationOfLCFs" time="0.0">
    <ignored/>
  </testcase> <!-- AgencySetup_VerifyCreationOfLCFs -->
  <testcase classname="TestCasesCRM.Login" name="LoginAgency" time="0.0">
    <ignored/>
  </testcase> <!-- LoginAgency -->
  <testcase classname="TCsNewAgencySetup.AppPreRequisites" name="AgencySetup_VerifyFlatFineCreationAttachedNotices" time="0.0">
    <ignored/>
  </testcase> <!-- AgencySetup_VerifyFlatFineCreationAttachedNotices -->
  <testcase classname="TCsNewAgencySetup.AppPreRequisites" name="AgencySetup_VerifyCreationOfHTMLNotice" time="0.0">
    <ignored/>
  </testcase> <!-- AgencySetup_VerifyCreationOfHTMLNotice -->
  <testcase classname="TestCasesCRM.Login" name="LoginAdmin" time="0.0">
    <ignored/>
  </testcase> <!-- LoginAdmin -->
  <testcase classname="TCsNewAgencySetup.AppPreRequisites" name="AgencySetup_VerifyCreateOutStdManualFlatFineLateFee" time="0.0">
    <ignored/>
  </testcase> <!-- AgencySetup_VerifyCreateOutStdManualFlatFineLateFee -->
  <testcase classname="TestCasesCRM.Login" name="LoginAdmin" time="0.0">
    <ignored/>
  </testcase> <!-- LoginAdmin -->
  <testcase classname="TCsNewAgencySetup.AppPreRequisites" name="AgencySetup_VerifyUploadedAgencyBoundary" time="0.0">
    <ignored/>
  </testcase> <!-- AgencySetup_VerifyUploadedAgencyBoundary -->
  <testcase classname="TCsNewAgencySetup.AppPreRequisites" name="AgencySetup_VerifyFlatFineEdit" time="0.0">
    <ignored/>
  </testcase> <!-- AgencySetup_VerifyFlatFineEdit -->
  <testcase classname="TestCasesCRM.Login" name="LoginAgencyStage" time="0.0">
    <ignored/>
  </testcase> <!-- LoginAgencyStage -->
  <testcase classname="TestCasesCRM.Login" name="LoginAgency" time="0.0">
    <ignored/>
  </testcase> <!-- LoginAgency -->
  <testcase classname="TestCasesCRM.Login" name="LoginAgencyCI" time="0.0">
    <ignored/>
  </testcase> <!-- LoginAgencyCI -->
  <testcase classname="TestCasesCRM.Login" name="LoginAdmin" time="0.0">
    <ignored/>
  </testcase> <!-- LoginAdmin -->
  <testcase classname="TestCasesCRM.Login" name="LoginAgencyStage" time="0.0">
    <ignored/>
  </testcase> <!-- LoginAgencyStage -->
  <testcase classname="TCsNewAgencySetup.AppPreRequisites" name="AgencySetup_VerifySavedSubmissionSettings" time="0.0">
    <ignored/>
  </testcase> <!-- AgencySetup_VerifySavedSubmissionSettings -->
  <testcase classname="TestCasesCRM.Login" name="LoginAgencyCI" time="0.0">
    <ignored/>
  </testcase> <!-- LoginAgencyCI -->
  <testcase classname="ExtentReport.ExtentReportClass" name="@AfterSuite endReport" time="0.0">
    <ignored/>
  </testcase> <!-- @AfterSuite endReport -->
  <testcase classname="ExtentReport.ExtentReportClass" name="@BeforeSuite setExtent" time="0.0">
    <ignored/>
  </testcase> <!-- @BeforeSuite setExtent -->
  <testcase classname="BrowsersBase.BrowsersInvoked" name="@BeforeSuite RunEnvironmentSetup" time="0.0">
    <ignored/>
  </testcase> <!-- @BeforeSuite RunEnvironmentSetup -->
  <testcase classname="TCsNewAgencySetup.AppPreRequisites" name="AgencySetup_VerifyFlatFineCreationDoNotAttachedNotices" time="0.0">
    <ignored/>
  </testcase> <!-- AgencySetup_VerifyFlatFineCreationDoNotAttachedNotices -->
  <testcase classname="TCsNewAgencySetup.AppPreRequisites" name="AgencySetup_VerifyInvalidDispositionCreation" time="0.0">
    <ignored/>
  </testcase> <!-- AgencySetup_VerifyInvalidDispositionCreation -->
  <testcase classname="TCsNewAgencySetup.AppPreRequisites" name="AgencySetup_VerifyCreationOfCategories" time="0.0">
    <ignored/>
  </testcase> <!-- AgencySetup_VerifyCreationOfCategories -->
  <testcase classname="TestCasesCRM.Login" name="LoginAgencyCI" time="0.0">
    <ignored/>
  </testcase> <!-- LoginAgencyCI -->
  <testcase classname="ExtentReport.ExtentReportClass" name="@BeforeSuite setExtent" time="0.0">
    <ignored/>
  </testcase> <!-- @BeforeSuite setExtent -->
  <testcase classname="TCsNewAgencySetup.AppPreRequisites" name="AgencySetup_VerifyCreationOf50PlusSubmissions" time="0.0">
    <ignored/>
  </testcase> <!-- AgencySetup_VerifyCreationOf50PlusSubmissions -->
  <testcase classname="TCsNewAgencySetup.AppPreRequisites" name="AgencySetup_VerifyUploadedMapLayer" time="0.0">
    <ignored/>
  </testcase> <!-- AgencySetup_VerifyUploadedMapLayer -->
  <testcase classname="TestCasesCRM.Login" name="LoginAgency" time="0.0">
    <ignored/>
  </testcase> <!-- LoginAgency -->
  <testcase classname="TCsNewAgencySetup.AppPreRequisites" name="AgencySetup_VerifyCaseCreationWithEntityViolation" time="0.0">
    <ignored/>
  </testcase> <!-- AgencySetup_VerifyCaseCreationWithEntityViolation -->
  <testcase classname="BrowsersBase.BrowsersInvoked" name="@BeforeSuite SetProp" time="0.0">
    <ignored/>
  </testcase> <!-- @BeforeSuite SetProp -->
  <testcase classname="TCsNewAgencySetup.AppPreRequisites" name="AgencySetup_VerifyOpenCloseCreateLateFeePopup" time="0.0">
    <ignored/>
  </testcase> <!-- AgencySetup_VerifyOpenCloseCreateLateFeePopup -->
  <testcase classname="TCsNewAgencySetup.AppPreRequisites" name="AgencySetup_VerifyUploadedAgencyParcelFile" time="0.0">
    <ignored/>
  </testcase> <!-- AgencySetup_VerifyUploadedAgencyParcelFile -->
  <testcase classname="TestCasesCRM.Login" name="LoginAgency" time="0.0">
    <ignored/>
  </testcase> <!-- LoginAgency -->
  <testcase classname="BrowsersBase.BrowsersInvoked" name="@BeforeSuite RunEnvironmentSetup" time="0.0">
    <ignored/>
  </testcase> <!-- @BeforeSuite RunEnvironmentSetup -->
  <testcase classname="TCsNewAgencySetup.AppPreRequisites" name="AgencySetup_VerifyActivateInActiveLateFee" time="0.0">
    <ignored/>
  </testcase> <!-- AgencySetup_VerifyActivateInActiveLateFee -->
  <testcase classname="TCsNewAgencySetup.AppPreRequisites" name="AgencySetup_VerifyInactivateActiveLateFee" time="0.0">
    <ignored/>
  </testcase> <!-- AgencySetup_VerifyInactivateActiveLateFee -->
  <testcase classname="TCsNewAgencySetup.AppPreRequisites" name="AgencySetup_VerifyCreatedUser" time="0.0">
    <ignored/>
  </testcase> <!-- AgencySetup_VerifyCreatedUser -->
  <testcase classname="TCsNewAgencySetup.AppPreRequisites" name="AgencySetup_VerifyInactivateActiveFines" time="0.0">
    <ignored/>
  </testcase> <!-- AgencySetup_VerifyInactivateActiveFines -->
  <testcase classname="BrowsersBase.BrowsersInvoked" name="@BeforeSuite SetProp" time="0.0">
    <ignored/>
  </testcase> <!-- @BeforeSuite SetProp -->
  <testcase classname="TCsNewAgencySetup.AppPreRequisites" name="AgencySetup_VerifyCreationOfNonHTMLNotice" time="0.0">
    <ignored/>
  </testcase> <!-- AgencySetup_VerifyCreationOfNonHTMLNotice -->
  <testcase classname="TCsNewAgencySetup.AppPreRequisites" name="AgencySetup_VerifyCreateFixedManualFlatFineLateFee" time="0.0">
    <ignored/>
  </testcase> <!-- AgencySetup_VerifyCreateFixedManualFlatFineLateFee -->
  <testcase classname="TCsNewAgencySetup.AppPreRequisites" name="AgencySetup_VerifyCreationOfMunicipalCode" time="0.0">
    <ignored/>
  </testcase> <!-- AgencySetup_VerifyCreationOfMunicipalCode -->
  <testcase classname="TCsNewAgencySetup.AppPreRequisites" name="AgencySetup_VerifyCreationOf50PlusCases" time="0.0">
    <ignored/>
  </testcase> <!-- AgencySetup_VerifyCreationOf50PlusCases -->
  <testcase classname="TestCasesCRM.Login" name="LoginAgencyStage" time="0.0">
    <ignored/>
  </testcase> <!-- LoginAgencyStage -->
  <testcase classname="TestCasesCRM.Login" name="LoginAgencyStage" time="0.0">
    <ignored/>
  </testcase> <!-- LoginAgencyStage -->
  <testcase classname="TCsNewAgencySetup.AppPreRequisites" name="AgencySetup_VerifyActivateInactiveFines" time="0.0">
    <ignored/>
  </testcase> <!-- AgencySetup_VerifyActivateInactiveFines -->
  <testcase classname="TCsNewAgencySetup.AppPreRequisites" name="AgencySetup_VerifyCreationOfViolations" time="0.0">
    <ignored/>
  </testcase> <!-- AgencySetup_VerifyCreationOfViolations -->
  <testcase classname="TCsNewAgencySetup.AppPreRequisites" name="AgencySetup_VerifyCreateFinePopup" time="0.0">
    <ignored/>
  </testcase> <!-- AgencySetup_VerifyCreateFinePopup -->
  <testcase classname="ExtentReport.ExtentReportClass" name="@AfterSuite endReport" time="0.0">
    <ignored/>
  </testcase> <!-- @AfterSuite endReport -->
</testsuite> <!-- Test -->
