<?xml version="1.0" encoding="UTF-8"?>
<testng-results ignored="9" total="10" passed="1" failed="0" skipped="0">
  <reporter-output>
  </reporter-output>
  <suite started-at="2023-03-27T10:12:49 IST" name="Default suite" finished-at="2023-03-27T10:24:54 IST" duration-ms="724410">
    <groups>
    </groups>
    <test started-at="2023-03-27T10:12:49 IST" name="Default test" finished-at="2023-03-27T10:24:54 IST" duration-ms="724410">
      <class name="TCsNewAgencySetup.SLA">
        <test-method is-config="true" signature="RunEnvironmentSetup()[pri:0, instance:TCsNewAgencySetup.SLA@16eb3ea3]" started-at="2023-03-27T10:12:42 IST" name="RunEnvironmentSetup" finished-at="2023-03-27T10:12:42 IST" duration-ms="8" status="PASS">
          <reporter-output>
          </reporter-output>
        </test-method> <!-- RunEnvironmentSetup -->
        <test-method is-config="true" signature="SetProp()[pri:0, instance:TCsNewAgencySetup.SLA@16eb3ea3]" started-at="2023-03-27T10:12:42 IST" name="SetProp" finished-at="2023-03-27T10:12:49 IST" duration-ms="6864" status="PASS">
          <reporter-output>
          </reporter-output>
        </test-method> <!-- SetProp -->
        <test-method is-config="true" signature="setExtent()[pri:0, instance:TCsNewAgencySetup.SLA@16eb3ea3]" started-at="2023-03-27T10:12:49 IST" name="setExtent" finished-at="2023-03-27T10:12:49 IST" depends-on-methods="BrowsersBase.BrowsersInvoked.RunEnvironmentSetup, BrowsersBase.BrowsersInvoked.SetProp" duration-ms="169" status="PASS">
          <reporter-output>
          </reporter-output>
        </test-method> <!-- setExtent -->
        <test-method signature="AgencySetup_CreateSLA_AddRule()[pri:4, instance:TCsNewAgencySetup.SLA@16eb3ea3]" started-at="2023-03-27T10:12:49 IST" name="AgencySetup_CreateSLA_AddRule" finished-at="2023-03-27T10:24:54 IST" duration-ms="724360" status="PASS">
          <reporter-output>
          </reporter-output>
        </test-method> <!-- AgencySetup_CreateSLA_AddRule -->
        <test-method is-config="true" signature="tearDown(org.testng.ITestResult)[pri:0, instance:TCsNewAgencySetup.SLA@16eb3ea3]" started-at="2023-03-27T10:24:54 IST" name="tearDown" finished-at="2023-03-27T10:24:54 IST" duration-ms="7" status="PASS">
          <params>
            <param index="0">
              <value>
                <![CDATA[[TestResult name=AgencySetup_CreateSLA_AddRule status=SUCCESS method=SLA.AgencySetup_CreateSLA_AddRule()[pri:4, instance:TCsNewAgencySetup.SLA@16eb3ea3] output={null}]]]>
              </value>
            </param>
          </params>
          <reporter-output>
          </reporter-output>
        </test-method> <!-- tearDown -->
        <test-method is-config="true" signature="endReport()[pri:0, instance:TCsNewAgencySetup.SLA@16eb3ea3]" started-at="2023-03-27T10:24:54 IST" name="endReport" finished-at="2023-03-27T10:24:54 IST" duration-ms="263" status="PASS">
          <reporter-output>
          </reporter-output>
        </test-method> <!-- endReport -->
      </class> <!-- TCsNewAgencySetup.SLA -->
    </test> <!-- Default test -->
  </suite> <!-- Default suite -->
</testng-results>
