<?xml version="1.0" encoding="UTF-8"?>
<!-- Generated by org.testng.reporters.JUnitReportReporter -->
<testsuite hostname="DESKTOP-ABJFIHD" failures="1" tests="6" name="TestCasesCRM.DashboardCRM" time="50.854" errors="0" timestamp="2023-03-07T13:25:10 IST" skipped="0">
  <testcase classname="TestCasesCRM.DashboardCRM" name="Dashboard_VerifyCRMToggleButton" time="10.618"/>
  <system-out/>
  <testcase classname="TestCasesCRM.DashboardCRM" name="Dashboard_VerifyDirectionToCRMDashboard" time="10.145"/>
  <system-out/>
  <testcase classname="TestCasesCRM.DashboardCRM" name="Dashboard_VerifyDirectionToCSLPForAssignedToMELink" time="3.160"/>
  <system-out/>
  <testcase classname="TestCasesCRM.DashboardCRM" name="Dashboard_VerifyDirectionToCSLPForMyDepartment" time="9.727"/>
  <system-out/>
  <testcase classname="TestCasesCRM.DashboardCRM" name="Dashboard_VerifyDirectionToCSLPForMyAgency" time="9.715"/>
  <system-out/>
  <testcase classname="TestCasesCRM.DashboardCRM" name="Dashboard_VerifyTheCountOfSubmissions" time="7.489">
    <failure message="The following asserts failed:
	expected [2] but found [2],
	expected [7] but found [7],
	expected [50] but found [187]" type="java.lang.AssertionError">
      <![CDATA[java.lang.AssertionError: The following asserts failed:
expected [2] but found [2],
expected [7] but found [7],
expected [50] but found [187]
at org.testng.asserts.SoftAssert.assertAll(SoftAssert.java:46)
at org.testng.asserts.SoftAssert.assertAll(SoftAssert.java:30)
at TestCasesCRM.DashboardCRM.Dashboard_VerifyTheCountOfSubmissions(DashboardCRM.java:67)
at java.base/jdk.internal.reflect.NativeMethodAccessorImpl.invoke0(Native Method)
at java.base/jdk.internal.reflect.NativeMethodAccessorImpl.invoke(NativeMethodAccessorImpl.java:77)
at java.base/jdk.internal.reflect.DelegatingMethodAccessorImpl.invoke(DelegatingMethodAccessorImpl.java:43)
at java.base/java.lang.reflect.Method.invoke(Method.java:568)
at org.testng.internal.invokers.MethodInvocationHelper.invokeMethod(MethodInvocationHelper.java:135)
at org.testng.internal.invokers.TestInvoker.invokeMethod(TestInvoker.java:673)
at org.testng.internal.invokers.TestInvoker.invokeTestMethod(TestInvoker.java:220)
at org.testng.internal.invokers.MethodRunner.runInSequence(MethodRunner.java:50)
at org.testng.internal.invokers.TestInvoker$MethodInvocationAgent.invoke(TestInvoker.java:945)
at org.testng.internal.invokers.TestInvoker.invokeTestMethods(TestInvoker.java:193)
at org.testng.internal.invokers.TestMethodWorker.invokeTestMethods(TestMethodWorker.java:146)
at org.testng.internal.invokers.TestMethodWorker.run(TestMethodWorker.java:128)
at java.base/java.util.ArrayList.forEach(ArrayList.java:1511)
at org.testng.TestRunner.privateRun(TestRunner.java:808)
at org.testng.TestRunner.run(TestRunner.java:603)
at org.testng.SuiteRunner.runTest(SuiteRunner.java:429)
at org.testng.SuiteRunner.runSequentially(SuiteRunner.java:423)
at org.testng.SuiteRunner.privateRun(SuiteRunner.java:383)
at org.testng.SuiteRunner.run(SuiteRunner.java:326)
at org.testng.SuiteRunnerWorker.runSuite(SuiteRunnerWorker.java:52)
at org.testng.SuiteRunnerWorker.run(SuiteRunnerWorker.java:95)
at org.testng.TestNG.runSuitesSequentially(TestNG.java:1249)
at org.testng.TestNG.runSuitesLocally(TestNG.java:1169)
at org.testng.TestNG.runSuites(TestNG.java:1092)
at org.testng.TestNG.run(TestNG.java:1060)
at org.testng.remote.AbstractRemoteTestNG.run(AbstractRemoteTestNG.java:115)
at org.testng.remote.RemoteTestNG.initAndRun(RemoteTestNG.java:251)
at org.testng.remote.RemoteTestNG.main(RemoteTestNG.java:77)
]]>
    </failure>
  </testcase> <!-- Dashboard_VerifyTheCountOfSubmissions -->
  <system-out/>
</testsuite> <!-- TestCasesCRM.DashboardCRM -->
